
2022/10/05 21:17:07 [emerg] 1#1: unexpected ";" in /etc/nginx/conf.d/default.conf:27
2022/10/05 21:17:08 [emerg] 1#1: unexpected ";" in /etc/nginx/conf.d/default.conf:27
2022/10/05 21:17:09 [emerg] 1#1: unexpected ";" in /etc/nginx/conf.d/default.conf:27
2022/10/05 21:17:10 [emerg] 1#1: unexpected ";" in /etc/nginx/conf.d/default.conf:27
2022/10/05 21:17:11 [emerg] 1#1: unexpected ";" in /etc/nginx/conf.d/default.conf:27
2022/10/05 21:17:13 [emerg] 1#1: unexpected ";" in /etc/nginx/conf.d/default.conf:27
2022/10/05 21:17:17 [emerg] 1#1: unexpected ";" in /etc/nginx/conf.d/default.conf:27
2022/10/05 21:17:24 [emerg] 1#1: unexpected ";" in /etc/nginx/conf.d/default.conf:27
2022/10/05 21:17:37 [emerg] 1#1: unexpected ";" in /etc/nginx/conf.d/default.conf:27
2022/10/05 21:18:03 [emerg] 1#1: unexpected ";" in /etc/nginx/conf.d/default.conf:27
2022/10/05 21:18:55 [emerg] 1#1: unexpected ";" in /etc/nginx/conf.d/default.conf:27
2022/10/05 21:19:56 [notice] 1#1: using the "epoll" event method
2022/10/05 21:19:56 [notice] 1#1: nginx/1.23.1
2022/10/05 21:19:56 [notice] 1#1: built by gcc 10.2.1 20210110 (Debian 10.2.1-6) 
2022/10/05 21:19:56 [notice] 1#1: OS: Linux 5.15.57.1-microsoft-standard-WSL2
2022/10/05 21:19:56 [notice] 1#1: getrlimit(RLIMIT_NOFILE): 1048576:1048576
2022/10/05 21:19:56 [notice] 1#1: start worker processes
2022/10/05 21:19:56 [notice] 1#1: start worker process 30
2022/10/05 21:19:56 [notice] 1#1: start worker process 31
2022/10/05 21:19:56 [notice] 1#1: start worker process 32
2022/10/05 21:19:56 [notice] 1#1: start worker process 33
2022/10/05 21:19:56 [notice] 1#1: start worker process 34
2022/10/05 21:19:56 [notice] 1#1: start worker process 35
2022/10/05 21:19:56 [notice] 1#1: start worker process 36
2022/10/05 21:19:56 [notice] 1#1: start worker process 37
2022/10/05 21:19:56 [notice] 1#1: start worker process 38
2022/10/05 21:19:56 [notice] 1#1: start worker process 39
2022/10/05 21:19:56 [notice] 1#1: start worker process 40
2022/10/05 21:19:56 [notice] 1#1: start worker process 41
2022/10/05 21:19:56 [notice] 1#1: start worker process 42
2022/10/05 21:19:56 [notice] 1#1: start worker process 43
2022/10/05 21:19:56 [notice] 1#1: start worker process 44
2022/10/05 21:19:56 [notice] 1#1: start worker process 45
2022/10/06 03:24:48 [error] 36#36: *12 FastCGI sent in stderr: "PHP message: [2022-10-06 03:24:48] production.ERROR: could not find driver {"exception":"[object] (Doctrine\\DBAL\\Driver\\PDO\\Exception(code: 0): could not find driver at /var/www/html/vendor/doctrine/dbal/lib/Doctrine/DBAL/Driver/PDO/Exception.php:18, PDOException(code: 0): could not find driver at /var/www/html/vendor/doctrine/dbal/lib/Doctrine/DBAL/Driver/PDOConnection.php:40)"} []PHP message: [2022-10-06 03:24:48] production.ERROR: could not find driver (SQL: select * from `users` where `email` = logiccontrols@kitchengous.com and `users`.`deleted_at` is null limit 1) {"exception":"[object] (Illuminate\\Database\\QueryException(code: 0): could not find driver (SQL: select * from `users` where `email` = logiccontrols@kitchengous.com and `users`.`deleted_at` is null limit 1) at /var/www/html/vendor/laravel/framework/src/Illuminate/Database/Connection.php:664, Doctrine\\DBAL\\Driver\\PDO\\Exception(code: 0): could not find driver at /var/www/html/vendor/doctrine/dbal/lib/Doctrine/DBAL/Driver/PDO/Exception.php:18, PDOException(code: 0): could not find driver at /var/www/html/vendor/doctrine/dbal/lib/Doctrine/DBAL/Driver/PDOConnection.php:40)"} []" while reading response header from upstream, client: 172.26.0.1, server: localhost7, request: "POST /login HTTP/1.1", upstream: "fastcgi://172.26.0.3:9000", host: "localhost:8450", referrer: "http://localhost:8450/login"
2022/10/06 04:22:23 [notice] 1#1: signal 3 (SIGQUIT) received, shutting down
2022/10/06 04:22:23 [notice] 36#36: gracefully shutting down
2022/10/06 04:22:23 [notice] 37#37: gracefully shutting down
2022/10/06 04:22:23 [notice] 45#45: gracefully shutting down
2022/10/06 04:22:23 [notice] 38#38: gracefully shutting down
2022/10/06 04:22:23 [notice] 30#30: gracefully shutting down
2022/10/06 04:22:23 [notice] 32#32: gracefully shutting down
2022/10/06 04:22:23 [notice] 38#38: exiting
2022/10/06 04:22:23 [notice] 33#33: gracefully shutting down
2022/10/06 04:22:23 [notice] 31#31: gracefully shutting down
2022/10/06 04:22:23 [notice] 32#32: exiting
2022/10/06 04:22:23 [notice] 34#34: gracefully shutting down
2022/10/06 04:22:23 [notice] 35#35: gracefully shutting down
2022/10/06 04:22:23 [notice] 39#39: gracefully shutting down
2022/10/06 04:22:23 [notice] 40#40: gracefully shutting down
2022/10/06 04:22:23 [notice] 41#41: gracefully shutting down
2022/10/06 04:22:23 [notice] 42#42: gracefully shutting down
2022/10/06 04:22:23 [notice] 36#36: exiting
2022/10/06 04:22:23 [notice] 43#43: gracefully shutting down
2022/10/06 04:22:23 [notice] 44#44: gracefully shutting down
2022/10/06 04:22:23 [notice] 37#37: exiting
2022/10/06 04:22:23 [notice] 45#45: exiting
2022/10/06 04:22:23 [notice] 30#30: exiting
2022/10/06 04:22:23 [notice] 38#38: exit
2022/10/06 04:22:23 [notice] 32#32: exit
2022/10/06 04:22:23 [notice] 33#33: exiting
2022/10/06 04:22:23 [notice] 31#31: exiting
2022/10/06 04:22:23 [notice] 33#33: exit
2022/10/06 04:22:23 [notice] 39#39: exiting
2022/10/06 04:22:23 [notice] 35#35: exiting
2022/10/06 04:22:23 [notice] 34#34: exiting
2022/10/06 04:22:23 [notice] 40#40: exiting
2022/10/06 04:22:23 [notice] 41#41: exiting
2022/10/06 04:22:23 [notice] 36#36: exit
2022/10/06 04:22:23 [notice] 42#42: exiting
2022/10/06 04:22:23 [notice] 37#37: exit
2022/10/06 04:22:23 [notice] 42#42: exit
2022/10/06 04:22:23 [notice] 43#43: exiting
2022/10/06 04:22:23 [notice] 45#45: exit
2022/10/06 04:22:23 [notice] 44#44: exiting
2022/10/06 04:22:23 [notice] 30#30: exit
2022/10/06 04:22:23 [notice] 31#31: exit
2022/10/06 04:22:23 [notice] 39#39: exit
2022/10/06 04:22:23 [notice] 35#35: exit
2022/10/06 04:22:23 [notice] 34#34: exit
2022/10/06 04:22:23 [notice] 40#40: exit
2022/10/06 04:22:23 [notice] 41#41: exit
2022/10/06 04:22:23 [notice] 43#43: exit
2022/10/06 04:22:23 [notice] 44#44: exit
2022/10/06 04:22:23 [notice] 1#1: signal 17 (SIGCHLD) received from 34
2022/10/06 04:22:23 [notice] 1#1: worker process 34 exited with code 0
2022/10/06 04:22:23 [notice] 1#1: signal 29 (SIGIO) received
2022/10/06 04:22:23 [notice] 1#1: signal 17 (SIGCHLD) received from 42
2022/10/06 04:22:23 [notice] 1#1: worker process 30 exited with code 0
2022/10/06 04:22:23 [notice] 1#1: worker process 35 exited with code 0
2022/10/06 04:22:23 [notice] 1#1: worker process 36 exited with code 0
2022/10/06 04:22:23 [notice] 1#1: worker process 38 exited with code 0
2022/10/06 04:22:23 [notice] 1#1: worker process 39 exited with code 0
2022/10/06 04:22:23 [notice] 1#1: worker process 41 exited with code 0
2022/10/06 04:22:23 [notice] 1#1: worker process 42 exited with code 0
2022/10/06 04:22:23 [notice] 1#1: worker process 43 exited with code 0
2022/10/06 04:22:23 [notice] 1#1: worker process 44 exited with code 0
2022/10/06 04:22:23 [notice] 1#1: worker process 45 exited with code 0
2022/10/06 04:22:23 [notice] 1#1: signal 29 (SIGIO) received
2022/10/06 04:22:23 [notice] 1#1: signal 17 (SIGCHLD) received from 44
2022/10/06 04:22:23 [notice] 1#1: signal 17 (SIGCHLD) received from 40
2022/10/06 04:22:23 [notice] 1#1: worker process 33 exited with code 0
2022/10/06 04:22:23 [notice] 1#1: worker process 40 exited with code 0
2022/10/06 04:22:23 [notice] 1#1: signal 29 (SIGIO) received
2022/10/06 04:22:24 [notice] 1#1: signal 17 (SIGCHLD) received from 32
2022/10/06 04:22:24 [notice] 1#1: worker process 31 exited with code 0
2022/10/06 04:22:24 [notice] 1#1: worker process 32 exited with code 0
2022/10/06 04:22:24 [notice] 1#1: worker process 37 exited with code 0
2022/10/06 04:22:24 [notice] 1#1: exit
2022/10/06 04:22:25 [notice] 1#1: using the "epoll" event method
2022/10/06 04:22:25 [notice] 1#1: nginx/1.23.1
2022/10/06 04:22:25 [notice] 1#1: built by gcc 10.2.1 20210110 (Debian 10.2.1-6) 
2022/10/06 04:22:25 [notice] 1#1: OS: Linux 5.15.57.1-microsoft-standard-WSL2
2022/10/06 04:22:25 [notice] 1#1: getrlimit(RLIMIT_NOFILE): 1048576:1048576
2022/10/06 04:22:25 [notice] 1#1: start worker processes
2022/10/06 04:22:25 [notice] 1#1: start worker process 30
2022/10/06 04:22:25 [notice] 1#1: start worker process 31
2022/10/06 04:22:25 [notice] 1#1: start worker process 32
2022/10/06 04:22:25 [notice] 1#1: start worker process 33
2022/10/06 04:22:25 [notice] 1#1: start worker process 34
2022/10/06 04:22:25 [notice] 1#1: start worker process 35
2022/10/06 04:22:25 [notice] 1#1: start worker process 36
2022/10/06 04:22:25 [notice] 1#1: start worker process 37
2022/10/06 04:22:25 [notice] 1#1: start worker process 38
2022/10/06 04:22:25 [notice] 1#1: start worker process 39
2022/10/06 04:22:25 [notice] 1#1: start worker process 40
2022/10/06 04:22:25 [notice] 1#1: start worker process 41
2022/10/06 04:22:25 [notice] 1#1: start worker process 42
2022/10/06 04:22:25 [notice] 1#1: start worker process 43
2022/10/06 04:22:25 [notice] 1#1: start worker process 44
2022/10/06 04:22:25 [notice] 1#1: start worker process 45
2022/10/06 04:22:56 [error] 30#30: *1 FastCGI sent in stderr: "PHP message: [2022-10-06 04:22:55] production.ERROR: could not find driver {"exception":"[object] (Doctrine\\DBAL\\Driver\\PDO\\Exception(code: 0): could not find driver at /var/www/html/vendor/doctrine/dbal/lib/Doctrine/DBAL/Driver/PDO/Exception.php:18, PDOException(code: 0): could not find driver at /var/www/html/vendor/doctrine/dbal/lib/Doctrine/DBAL/Driver/PDOConnection.php:40)"} []PHP message: [2022-10-06 04:22:55] production.ERROR: could not find driver (SQL: select * from `users` where `email` = logiccontrols@kitchengous.com and `users`.`deleted_at` is null limit 1) {"exception":"[object] (Illuminate\\Database\\QueryException(code: 0): could not find driver (SQL: select * from `users` where `email` = logiccontrols@kitchengous.com and `users`.`deleted_at` is null limit 1) at /var/www/html/vendor/laravel/framework/src/Illuminate/Database/Connection.php:664, Doctrine\\DBAL\\Driver\\PDO\\Exception(code: 0): could not find driver at /var/www/html/vendor/doctrine/dbal/lib/Doctrine/DBAL/Driver/PDO/Exception.php:18, PDOException(code: 0): could not find driver at /var/www/html/vendor/doctrine/dbal/lib/Doctrine/DBAL/Driver/PDOConnection.php:40)"} []" while reading response header from upstream, client: 172.26.0.1, server: localhost7, request: "POST /login HTTP/1.1", upstream: "fastcgi://172.26.0.4:9000", host: "localhost:8450", referrer: "http://localhost:8450/login"
2022/10/06 04:30:02 [notice] 1#1: signal 3 (SIGQUIT) received, shutting down
2022/10/06 04:30:02 [notice] 30#30: gracefully shutting down
2022/10/06 04:30:02 [notice] 32#32: gracefully shutting down
2022/10/06 04:30:02 [notice] 31#31: gracefully shutting down
2022/10/06 04:30:02 [notice] 33#33: gracefully shutting down
2022/10/06 04:30:02 [notice] 34#34: gracefully shutting down
2022/10/06 04:30:02 [notice] 35#35: gracefully shutting down
2022/10/06 04:30:02 [notice] 37#37: gracefully shutting down
2022/10/06 04:30:02 [notice] 38#38: gracefully shutting down
2022/10/06 04:30:02 [notice] 39#39: gracefully shutting down
2022/10/06 04:30:02 [notice] 40#40: gracefully shutting down
2022/10/06 04:30:02 [notice] 40#40: exiting
2022/10/06 04:30:02 [notice] 36#36: gracefully shutting down
2022/10/06 04:30:02 [notice] 41#41: gracefully shutting down
2022/10/06 04:30:02 [notice] 42#42: gracefully shutting down
2022/10/06 04:30:02 [notice] 43#43: gracefully shutting down
2022/10/06 04:30:02 [notice] 45#45: gracefully shutting down
2022/10/06 04:30:02 [notice] 44#44: gracefully shutting down
2022/10/06 04:30:02 [notice] 30#30: exiting
2022/10/06 04:30:02 [notice] 32#32: exiting
2022/10/06 04:30:02 [notice] 31#31: exiting
2022/10/06 04:30:02 [notice] 33#33: exiting
2022/10/06 04:30:02 [notice] 34#34: exiting
2022/10/06 04:30:02 [notice] 35#35: exiting
2022/10/06 04:30:02 [notice] 37#37: exiting
2022/10/06 04:30:02 [notice] 38#38: exiting
2022/10/06 04:30:02 [notice] 39#39: exiting
2022/10/06 04:30:02 [notice] 40#40: exit
2022/10/06 04:30:02 [notice] 36#36: exiting
2022/10/06 04:30:02 [notice] 41#41: exiting
2022/10/06 04:30:02 [notice] 42#42: exiting
2022/10/06 04:30:02 [notice] 43#43: exiting
2022/10/06 04:30:02 [notice] 45#45: exiting
2022/10/06 04:30:02 [notice] 44#44: exiting
2022/10/06 04:30:02 [notice] 30#30: exit
2022/10/06 04:30:02 [notice] 32#32: exit
2022/10/06 04:30:02 [notice] 31#31: exit
2022/10/06 04:30:02 [notice] 33#33: exit
2022/10/06 04:30:02 [notice] 34#34: exit
2022/10/06 04:30:02 [notice] 35#35: exit
2022/10/06 04:30:02 [notice] 37#37: exit
2022/10/06 04:30:02 [notice] 38#38: exit
2022/10/06 04:30:02 [notice] 39#39: exit
2022/10/06 04:30:02 [notice] 36#36: exit
2022/10/06 04:30:02 [notice] 41#41: exit
2022/10/06 04:30:02 [notice] 42#42: exit
2022/10/06 04:30:02 [notice] 43#43: exit
2022/10/06 04:30:02 [notice] 45#45: exit
2022/10/06 04:30:02 [notice] 44#44: exit
2022/10/06 04:30:03 [notice] 1#1: signal 17 (SIGCHLD) received from 31
2022/10/06 04:30:03 [notice] 1#1: worker process 30 exited with code 0
2022/10/06 04:30:03 [notice] 1#1: worker process 31 exited with code 0
2022/10/06 04:30:03 [notice] 1#1: worker process 32 exited with code 0
2022/10/06 04:30:03 [notice] 1#1: worker process 33 exited with code 0
2022/10/06 04:30:03 [notice] 1#1: worker process 34 exited with code 0
2022/10/06 04:30:03 [notice] 1#1: worker process 35 exited with code 0
2022/10/06 04:30:03 [notice] 1#1: worker process 37 exited with code 0
2022/10/06 04:30:03 [notice] 1#1: worker process 39 exited with code 0
2022/10/06 04:30:03 [notice] 1#1: worker process 40 exited with code 0
2022/10/06 04:30:03 [notice] 1#1: worker process 41 exited with code 0
2022/10/06 04:30:03 [notice] 1#1: worker process 42 exited with code 0
2022/10/06 04:30:03 [notice] 1#1: worker process 43 exited with code 0
2022/10/06 04:30:03 [notice] 1#1: worker process 44 exited with code 0
2022/10/06 04:30:03 [notice] 1#1: worker process 45 exited with code 0
2022/10/06 04:30:03 [notice] 1#1: signal 29 (SIGIO) received
2022/10/06 04:30:03 [notice] 1#1: signal 17 (SIGCHLD) received from 44
2022/10/06 04:30:03 [notice] 1#1: signal 17 (SIGCHLD) received from 38
2022/10/06 04:30:03 [notice] 1#1: worker process 38 exited with code 0
2022/10/06 04:30:03 [notice] 1#1: signal 29 (SIGIO) received
2022/10/06 04:30:03 [notice] 1#1: signal 17 (SIGCHLD) received from 36
2022/10/06 04:30:03 [notice] 1#1: worker process 36 exited with code 0
2022/10/06 04:30:03 [notice] 1#1: exit
2022/10/06 04:30:04 [notice] 1#1: using the "epoll" event method
2022/10/06 04:30:04 [notice] 1#1: nginx/1.23.1
2022/10/06 04:30:04 [notice] 1#1: built by gcc 10.2.1 20210110 (Debian 10.2.1-6) 
2022/10/06 04:30:04 [notice] 1#1: OS: Linux 5.15.57.1-microsoft-standard-WSL2
2022/10/06 04:30:04 [notice] 1#1: getrlimit(RLIMIT_NOFILE): 1048576:1048576
2022/10/06 04:30:04 [notice] 1#1: start worker processes
2022/10/06 04:30:04 [notice] 1#1: start worker process 30
2022/10/06 04:30:04 [notice] 1#1: start worker process 31
2022/10/06 04:30:04 [notice] 1#1: start worker process 32
2022/10/06 04:30:04 [notice] 1#1: start worker process 33
2022/10/06 04:30:04 [notice] 1#1: start worker process 34
2022/10/06 04:30:04 [notice] 1#1: start worker process 35
2022/10/06 04:30:04 [notice] 1#1: start worker process 36
2022/10/06 04:30:04 [notice] 1#1: start worker process 37
2022/10/06 04:30:04 [notice] 1#1: start worker process 38
2022/10/06 04:30:04 [notice] 1#1: start worker process 39
2022/10/06 04:30:04 [notice] 1#1: start worker process 40
2022/10/06 04:30:04 [notice] 1#1: start worker process 41
2022/10/06 04:30:04 [notice] 1#1: start worker process 42
2022/10/06 04:30:04 [notice] 1#1: start worker process 43
2022/10/06 04:30:04 [notice] 1#1: start worker process 44
2022/10/06 04:30:04 [notice] 1#1: start worker process 45
2022/10/06 06:10:52 [notice] 1#1: using the "epoll" event method
2022/10/06 06:10:52 [notice] 1#1: nginx/1.23.1
2022/10/06 06:10:52 [notice] 1#1: built by gcc 10.2.1 20210110 (Debian 10.2.1-6) 
2022/10/06 06:10:52 [notice] 1#1: OS: Linux 5.15.57.1-microsoft-standard-WSL2
2022/10/06 06:10:52 [notice] 1#1: getrlimit(RLIMIT_NOFILE): 1048576:1048576
2022/10/06 06:10:52 [notice] 1#1: start worker processes
2022/10/06 06:10:52 [notice] 1#1: start worker process 30
2022/10/06 06:10:52 [notice] 1#1: start worker process 31
2022/10/06 06:10:52 [notice] 1#1: start worker process 32
2022/10/06 06:10:52 [notice] 1#1: start worker process 33
2022/10/06 06:10:52 [notice] 1#1: start worker process 34
2022/10/06 06:10:52 [notice] 1#1: start worker process 35
2022/10/06 06:10:52 [notice] 1#1: start worker process 36
2022/10/06 06:10:52 [notice] 1#1: start worker process 37
2022/10/06 06:10:52 [notice] 1#1: start worker process 38
2022/10/06 06:10:52 [notice] 1#1: start worker process 39
2022/10/06 06:10:52 [notice] 1#1: start worker process 40
2022/10/06 06:10:52 [notice] 1#1: start worker process 41
2022/10/06 06:10:52 [notice] 1#1: start worker process 42
2022/10/06 06:10:52 [notice] 1#1: start worker process 43
2022/10/06 06:10:52 [notice] 1#1: start worker process 44
2022/10/06 06:10:52 [notice] 1#1: start worker process 45
2022/10/06 06:15:00 [notice] 1#1: using the "epoll" event method
2022/10/06 06:15:00 [notice] 1#1: nginx/1.23.1
2022/10/06 06:15:00 [notice] 1#1: built by gcc 10.2.1 20210110 (Debian 10.2.1-6) 
2022/10/06 06:15:00 [notice] 1#1: OS: Linux 5.15.57.1-microsoft-standard-WSL2
2022/10/06 06:15:00 [notice] 1#1: getrlimit(RLIMIT_NOFILE): 1048576:1048576
2022/10/06 06:15:00 [notice] 1#1: start worker processes
2022/10/06 06:15:00 [notice] 1#1: start worker process 30
2022/10/06 06:15:00 [notice] 1#1: start worker process 31
2022/10/06 06:15:00 [notice] 1#1: start worker process 32
2022/10/06 06:15:00 [notice] 1#1: start worker process 33
2022/10/06 06:15:00 [notice] 1#1: start worker process 34
2022/10/06 06:15:00 [notice] 1#1: start worker process 35
2022/10/06 06:15:00 [notice] 1#1: start worker process 36
2022/10/06 06:15:00 [notice] 1#1: start worker process 37
2022/10/06 06:15:00 [notice] 1#1: start worker process 38
2022/10/06 06:15:00 [notice] 1#1: start worker process 39
2022/10/06 06:15:00 [notice] 1#1: start worker process 40
2022/10/06 06:15:00 [notice] 1#1: start worker process 41
2022/10/06 06:15:00 [notice] 1#1: start worker process 42
2022/10/06 06:15:00 [notice] 1#1: start worker process 43
2022/10/06 06:15:00 [notice] 1#1: start worker process 44
2022/10/06 06:15:00 [notice] 1#1: start worker process 45
2022/10/06 06:19:19 [notice] 1#1: signal 3 (SIGQUIT) received, shutting down
2022/10/06 06:19:19 [notice] 30#30: gracefully shutting down
2022/10/06 06:19:19 [notice] 34#34: gracefully shutting down
2022/10/06 06:19:19 [notice] 33#33: gracefully shutting down
2022/10/06 06:19:19 [notice] 31#31: gracefully shutting down
2022/10/06 06:19:19 [notice] 32#32: gracefully shutting down
2022/10/06 06:19:19 [notice] 35#35: gracefully shutting down
2022/10/06 06:19:19 [notice] 36#36: gracefully shutting down
2022/10/06 06:19:19 [notice] 37#37: gracefully shutting down
2022/10/06 06:19:19 [notice] 39#39: gracefully shutting down
2022/10/06 06:19:19 [notice] 40#40: gracefully shutting down
2022/10/06 06:19:19 [notice] 40#40: exiting
2022/10/06 06:19:19 [notice] 38#38: gracefully shutting down
2022/10/06 06:19:19 [notice] 41#41: gracefully shutting down
2022/10/06 06:19:19 [notice] 42#42: gracefully shutting down
2022/10/06 06:19:19 [notice] 43#43: gracefully shutting down
2022/10/06 06:19:19 [notice] 44#44: gracefully shutting down
2022/10/06 06:19:19 [notice] 44#44: exiting
2022/10/06 06:19:19 [notice] 45#45: gracefully shutting down
2022/10/06 06:19:19 [notice] 30#30: exiting
2022/10/06 06:19:19 [notice] 34#34: exiting
2022/10/06 06:19:19 [notice] 33#33: exiting
2022/10/06 06:19:19 [notice] 31#31: exiting
2022/10/06 06:19:19 [notice] 32#32: exiting
2022/10/06 06:19:19 [notice] 35#35: exiting
2022/10/06 06:19:19 [notice] 36#36: exiting
2022/10/06 06:19:19 [notice] 37#37: exiting
2022/10/06 06:19:19 [notice] 39#39: exiting
2022/10/06 06:19:19 [notice] 40#40: exit
2022/10/06 06:19:19 [notice] 38#38: exiting
2022/10/06 06:19:19 [notice] 41#41: exiting
2022/10/06 06:19:19 [notice] 42#42: exiting
2022/10/06 06:19:19 [notice] 43#43: exiting
2022/10/06 06:19:19 [notice] 44#44: exit
2022/10/06 06:19:19 [notice] 45#45: exiting
2022/10/06 06:19:19 [notice] 30#30: exit
2022/10/06 06:19:19 [notice] 34#34: exit
2022/10/06 06:19:19 [notice] 33#33: exit
2022/10/06 06:19:19 [notice] 31#31: exit
2022/10/06 06:19:19 [notice] 32#32: exit
2022/10/06 06:19:19 [notice] 35#35: exit
2022/10/06 06:19:19 [notice] 36#36: exit
2022/10/06 06:19:19 [notice] 37#37: exit
2022/10/06 06:19:19 [notice] 39#39: exit
2022/10/06 06:19:19 [notice] 38#38: exit
2022/10/06 06:19:19 [notice] 41#41: exit
2022/10/06 06:19:19 [notice] 42#42: exit
2022/10/06 06:19:19 [notice] 43#43: exit
2022/10/06 06:19:19 [notice] 45#45: exit
2022/10/06 06:19:19 [notice] 1#1: signal 17 (SIGCHLD) received from 31
2022/10/06 06:19:19 [notice] 1#1: worker process 30 exited with code 0
2022/10/06 06:19:19 [notice] 1#1: worker process 31 exited with code 0
2022/10/06 06:19:19 [notice] 1#1: worker process 33 exited with code 0
2022/10/06 06:19:19 [notice] 1#1: worker process 34 exited with code 0
2022/10/06 06:19:19 [notice] 1#1: worker process 35 exited with code 0
2022/10/06 06:19:19 [notice] 1#1: worker process 37 exited with code 0
2022/10/06 06:19:19 [notice] 1#1: worker process 38 exited with code 0
2022/10/06 06:19:19 [notice] 1#1: worker process 39 exited with code 0
2022/10/06 06:19:19 [notice] 1#1: worker process 41 exited with code 0
2022/10/06 06:19:19 [notice] 1#1: worker process 42 exited with code 0
2022/10/06 06:19:19 [notice] 1#1: worker process 43 exited with code 0
2022/10/06 06:19:19 [notice] 1#1: worker process 44 exited with code 0
2022/10/06 06:19:19 [notice] 1#1: worker process 45 exited with code 0
2022/10/06 06:19:19 [notice] 1#1: signal 29 (SIGIO) received
2022/10/06 06:19:19 [notice] 1#1: signal 17 (SIGCHLD) received from 30
2022/10/06 06:19:19 [notice] 1#1: signal 17 (SIGCHLD) received from 32
2022/10/06 06:19:19 [notice] 1#1: worker process 32 exited with code 0
2022/10/06 06:19:19 [notice] 1#1: signal 29 (SIGIO) received
2022/10/06 06:19:19 [notice] 1#1: signal 17 (SIGCHLD) received from 40
2022/10/06 06:19:19 [notice] 1#1: worker process 36 exited with code 0
2022/10/06 06:19:19 [notice] 1#1: worker process 40 exited with code 0
2022/10/06 06:19:19 [notice] 1#1: exit
2022/10/06 06:19:22 [notice] 1#1: using the "epoll" event method
2022/10/06 06:19:22 [notice] 1#1: nginx/1.23.1
2022/10/06 06:19:22 [notice] 1#1: built by gcc 10.2.1 20210110 (Debian 10.2.1-6) 
2022/10/06 06:19:22 [notice] 1#1: OS: Linux 5.15.57.1-microsoft-standard-WSL2
2022/10/06 06:19:22 [notice] 1#1: getrlimit(RLIMIT_NOFILE): 1048576:1048576
2022/10/06 06:19:22 [notice] 1#1: start worker processes
2022/10/06 06:19:22 [notice] 1#1: start worker process 30
2022/10/06 06:19:22 [notice] 1#1: start worker process 31
2022/10/06 06:19:22 [notice] 1#1: start worker process 32
2022/10/06 06:19:22 [notice] 1#1: start worker process 33
2022/10/06 06:19:22 [notice] 1#1: start worker process 34
2022/10/06 06:19:22 [notice] 1#1: start worker process 35
2022/10/06 06:19:22 [notice] 1#1: start worker process 36
2022/10/06 06:19:22 [notice] 1#1: start worker process 37
2022/10/06 06:19:22 [notice] 1#1: start worker process 38
2022/10/06 06:19:22 [notice] 1#1: start worker process 39
2022/10/06 06:19:22 [notice] 1#1: start worker process 40
2022/10/06 06:19:22 [notice] 1#1: start worker process 41
2022/10/06 06:19:22 [notice] 1#1: start worker process 42
2022/10/06 06:19:22 [notice] 1#1: start worker process 43
2022/10/06 06:19:22 [notice] 1#1: start worker process 44
2022/10/06 06:19:22 [notice] 1#1: start worker process 45
2022/10/06 06:34:32 [notice] 1#1: signal 3 (SIGQUIT) received, shutting down
2022/10/06 06:34:32 [notice] 30#30: gracefully shutting down
2022/10/06 06:34:32 [notice] 30#30: exiting
2022/10/06 06:34:32 [notice] 31#31: gracefully shutting down
2022/10/06 06:34:32 [notice] 32#32: gracefully shutting down
2022/10/06 06:34:32 [notice] 33#33: gracefully shutting down
2022/10/06 06:34:32 [notice] 33#33: exiting
2022/10/06 06:34:32 [notice] 34#34: gracefully shutting down
2022/10/06 06:34:32 [notice] 35#35: gracefully shutting down
2022/10/06 06:34:32 [notice] 36#36: gracefully shutting down
2022/10/06 06:34:32 [notice] 38#38: gracefully shutting down
2022/10/06 06:34:32 [notice] 37#37: gracefully shutting down
2022/10/06 06:34:32 [notice] 39#39: gracefully shutting down
2022/10/06 06:34:32 [notice] 41#41: gracefully shutting down
2022/10/06 06:34:32 [notice] 40#40: gracefully shutting down
2022/10/06 06:34:32 [notice] 42#42: gracefully shutting down
2022/10/06 06:34:32 [notice] 44#44: gracefully shutting down
2022/10/06 06:34:32 [notice] 43#43: gracefully shutting down
2022/10/06 06:34:32 [notice] 45#45: gracefully shutting down
2022/10/06 06:34:32 [notice] 30#30: exit
2022/10/06 06:34:32 [notice] 31#31: exiting
2022/10/06 06:34:32 [notice] 32#32: exiting
2022/10/06 06:34:32 [notice] 33#33: exit
2022/10/06 06:34:32 [notice] 34#34: exiting
2022/10/06 06:34:32 [notice] 35#35: exiting
2022/10/06 06:34:32 [notice] 36#36: exiting
2022/10/06 06:34:32 [notice] 38#38: exiting
2022/10/06 06:34:32 [notice] 37#37: exiting
2022/10/06 06:34:32 [notice] 39#39: exiting
2022/10/06 06:34:32 [notice] 41#41: exiting
2022/10/06 06:34:32 [notice] 40#40: exiting
2022/10/06 06:34:32 [notice] 42#42: exiting
2022/10/06 06:34:32 [notice] 44#44: exiting
2022/10/06 06:34:32 [notice] 43#43: exiting
2022/10/06 06:34:32 [notice] 45#45: exiting
2022/10/06 06:34:32 [notice] 31#31: exit
2022/10/06 06:34:32 [notice] 32#32: exit
2022/10/06 06:34:32 [notice] 34#34: exit
2022/10/06 06:34:32 [notice] 35#35: exit
2022/10/06 06:34:32 [notice] 36#36: exit
2022/10/06 06:34:32 [notice] 38#38: exit
2022/10/06 06:34:32 [notice] 37#37: exit
2022/10/06 06:34:32 [notice] 39#39: exit
2022/10/06 06:34:32 [notice] 41#41: exit
2022/10/06 06:34:32 [notice] 40#40: exit
2022/10/06 06:34:32 [notice] 42#42: exit
2022/10/06 06:34:32 [notice] 44#44: exit
2022/10/06 06:34:32 [notice] 43#43: exit
2022/10/06 06:34:32 [notice] 45#45: exit
2022/10/06 06:34:32 [notice] 1#1: signal 17 (SIGCHLD) received from 30
2022/10/06 06:34:32 [notice] 1#1: worker process 30 exited with code 0
2022/10/06 06:34:32 [notice] 1#1: worker process 32 exited with code 0
2022/10/06 06:34:32 [notice] 1#1: worker process 34 exited with code 0
2022/10/06 06:34:32 [notice] 1#1: worker process 38 exited with code 0
2022/10/06 06:34:32 [notice] 1#1: worker process 43 exited with code 0
2022/10/06 06:34:32 [notice] 1#1: signal 29 (SIGIO) received
2022/10/06 06:34:32 [notice] 1#1: signal 17 (SIGCHLD) received from 43
2022/10/06 06:34:32 [notice] 1#1: signal 17 (SIGCHLD) received from 36
2022/10/06 06:34:32 [notice] 1#1: worker process 33 exited with code 0
2022/10/06 06:34:32 [notice] 1#1: worker process 36 exited with code 0
2022/10/06 06:34:32 [notice] 1#1: worker process 41 exited with code 0
2022/10/06 06:34:32 [notice] 1#1: worker process 45 exited with code 0
2022/10/06 06:34:32 [notice] 1#1: signal 29 (SIGIO) received
2022/10/06 06:34:32 [notice] 1#1: signal 17 (SIGCHLD) received from 44
2022/10/06 06:34:32 [notice] 1#1: worker process 31 exited with code 0
2022/10/06 06:34:32 [notice] 1#1: worker process 35 exited with code 0
2022/10/06 06:34:32 [notice] 1#1: worker process 39 exited with code 0
2022/10/06 06:34:32 [notice] 1#1: worker process 40 exited with code 0
2022/10/06 06:34:32 [notice] 1#1: worker process 44 exited with code 0
2022/10/06 06:34:32 [notice] 1#1: signal 29 (SIGIO) received
2022/10/06 06:34:32 [notice] 1#1: signal 17 (SIGCHLD) received from 31
2022/10/06 06:34:32 [notice] 1#1: signal 17 (SIGCHLD) received from 37
2022/10/06 06:34:32 [notice] 1#1: worker process 37 exited with code 0
2022/10/06 06:34:32 [notice] 1#1: signal 29 (SIGIO) received
2022/10/06 06:34:32 [notice] 1#1: signal 17 (SIGCHLD) received from 42
2022/10/06 06:34:32 [notice] 1#1: worker process 42 exited with code 0
2022/10/06 06:34:32 [notice] 1#1: exit
2022/10/29 21:58:05 [notice] 1#1: using the "epoll" event method
2022/10/29 21:58:05 [notice] 1#1: nginx/1.23.2
2022/10/29 21:58:05 [notice] 1#1: built by gcc 10.2.1 20210110 (Debian 10.2.1-6) 
2022/10/29 21:58:05 [notice] 1#1: OS: Linux 5.11.0-49-generic
2022/10/29 21:58:05 [notice] 1#1: getrlimit(RLIMIT_NOFILE): 1048576:1048576
2022/10/29 21:58:05 [notice] 1#1: start worker processes
2022/10/29 21:58:05 [notice] 1#1: start worker process 28
2022/10/29 21:58:05 [notice] 1#1: start worker process 29
2022/10/29 21:58:05 [notice] 1#1: start worker process 30
2022/10/29 21:58:05 [notice] 1#1: start worker process 31
2022/10/29 21:58:05 [notice] 1#1: start worker process 32
2022/10/29 21:58:05 [notice] 1#1: start worker process 33
2022/10/29 21:58:05 [notice] 1#1: start worker process 34
2022/10/29 21:58:05 [notice] 1#1: start worker process 35
2022/10/29 21:59:03 [warn] 29#29: *3 an upstream response is buffered to a temporary file /var/cache/nginx/fastcgi_temp/1/00/0000000001 while reading upstream, client: 172.19.0.1, server: localhost, request: "GET /_debugbar/assets/javascript?v=1500638208 HTTP/1.1", upstream: "fastcgi://172.19.0.2:9000", host: "localhost:8450", referrer: "http://localhost:8450/login"
2022/10/29 22:12:59 [emerg] 1#1: host not found in upstream "php7" in /etc/nginx/conf.d/default.conf:19
2022/10/29 22:12:59 [emerg] 1#1: host not found in upstream "php7" in /etc/nginx/conf.d/default.conf:19
2022/10/29 22:13:00 [emerg] 1#1: host not found in upstream "php7" in /etc/nginx/conf.d/default.conf:19
2022/10/29 22:13:01 [emerg] 1#1: host not found in upstream "php7" in /etc/nginx/conf.d/default.conf:19
2022/10/29 22:13:02 [emerg] 1#1: host not found in upstream "php7" in /etc/nginx/conf.d/default.conf:19
2022/10/29 22:13:04 [emerg] 1#1: host not found in upstream "php7" in /etc/nginx/conf.d/default.conf:19
2022/10/29 22:13:07 [emerg] 1#1: host not found in upstream "php7" in /etc/nginx/conf.d/default.conf:19
2022/10/29 22:13:14 [emerg] 1#1: host not found in upstream "php7" in /etc/nginx/conf.d/default.conf:19
2022/10/29 22:13:27 [emerg] 1#1: host not found in upstream "php7" in /etc/nginx/conf.d/default.conf:19
2022/10/29 22:13:53 [emerg] 1#1: host not found in upstream "php7" in /etc/nginx/conf.d/default.conf:19
2022/10/29 22:14:45 [emerg] 1#1: host not found in upstream "php7" in /etc/nginx/conf.d/default.conf:19
2022/10/29 22:15:14 [notice] 1#1: using the "epoll" event method
2022/10/29 22:15:14 [notice] 1#1: nginx/1.23.2
2022/10/29 22:15:14 [notice] 1#1: built by gcc 10.2.1 20210110 (Debian 10.2.1-6) 
2022/10/29 22:15:14 [notice] 1#1: OS: Linux 5.11.0-49-generic
2022/10/29 22:15:14 [notice] 1#1: getrlimit(RLIMIT_NOFILE): 1048576:1048576
2022/10/29 22:15:14 [notice] 1#1: start worker processes
2022/10/29 22:15:14 [notice] 1#1: start worker process 28
2022/10/29 22:15:14 [notice] 1#1: start worker process 29
2022/10/29 22:15:14 [notice] 1#1: start worker process 30
2022/10/29 22:15:14 [notice] 1#1: start worker process 31
2022/10/29 22:15:14 [notice] 1#1: start worker process 32
2022/10/29 22:15:14 [notice] 1#1: start worker process 33
2022/10/29 22:15:14 [notice] 1#1: start worker process 34
2022/10/29 22:15:14 [notice] 1#1: start worker process 35
2022/10/30 03:50:13 [warn] 28#28: *34 an upstream response is buffered to a temporary file /var/cache/nginx/fastcgi_temp/1/00/0000000001 while reading upstream, client: 172.20.0.1, server: localhost, request: "POST /login HTTP/1.1", upstream: "fastcgi://172.20.0.2:9000", host: "0.0.0.0:8440", referrer: "http://0.0.0.0:8440/login"
2022/10/31 04:10:30 [notice] 1#1: signal 3 (SIGQUIT) received, shutting down
2022/10/31 04:10:30 [notice] 30#30: gracefully shutting down
2022/10/31 04:10:30 [notice] 28#28: gracefully shutting down
2022/10/31 04:10:30 [notice] 31#31: gracefully shutting down
2022/10/31 04:10:30 [notice] 32#32: gracefully shutting down
2022/10/31 04:10:30 [notice] 29#29: gracefully shutting down
2022/10/31 04:10:30 [notice] 35#35: gracefully shutting down
2022/10/31 04:10:30 [notice] 31#31: exiting
2022/10/31 04:10:30 [notice] 30#30: exiting
2022/10/31 04:10:30 [notice] 28#28: exiting
2022/10/31 04:10:30 [notice] 32#32: exiting
2022/10/31 04:10:30 [notice] 29#29: exiting
2022/10/31 04:10:30 [notice] 35#35: exiting
2022/10/31 04:10:30 [notice] 28#28: exit
2022/10/31 04:10:30 [notice] 31#31: exit
2022/10/31 04:10:30 [notice] 30#30: exit
2022/10/31 04:10:30 [notice] 32#32: exit
2022/10/31 04:10:30 [notice] 29#29: exit
2022/10/31 04:10:30 [notice] 35#35: exit
2022/10/31 04:10:30 [notice] 33#33: gracefully shutting down
2022/10/31 04:10:30 [notice] 34#34: gracefully shutting down
2022/10/31 04:10:30 [notice] 33#33: exiting
2022/10/31 04:10:30 [notice] 34#34: exiting
2022/10/31 04:10:30 [notice] 33#33: exit
2022/10/31 04:10:30 [notice] 34#34: exit
2022/10/31 04:10:30 [notice] 1#1: signal 17 (SIGCHLD) received from 30
2022/10/31 04:10:30 [notice] 1#1: worker process 30 exited with code 0
2022/10/31 04:10:30 [notice] 1#1: signal 29 (SIGIO) received
2022/10/31 04:10:30 [notice] 1#1: signal 17 (SIGCHLD) received from 33
2022/10/31 04:10:30 [notice] 1#1: worker process 28 exited with code 0
2022/10/31 04:10:30 [notice] 1#1: worker process 33 exited with code 0
2022/10/31 04:10:30 [notice] 1#1: signal 29 (SIGIO) received
2022/10/31 04:10:30 [notice] 1#1: signal 17 (SIGCHLD) received from 28
2022/10/31 04:10:30 [notice] 1#1: signal 17 (SIGCHLD) received from 31
2022/10/31 04:10:30 [notice] 1#1: worker process 31 exited with code 0
2022/10/31 04:10:30 [notice] 1#1: signal 29 (SIGIO) received
2022/10/31 04:10:30 [notice] 1#1: signal 17 (SIGCHLD) received from 35
2022/10/31 04:10:30 [notice] 1#1: worker process 35 exited with code 0
2022/10/31 04:10:30 [notice] 1#1: signal 29 (SIGIO) received
2022/10/31 04:10:30 [notice] 1#1: signal 17 (SIGCHLD) received from 34
2022/10/31 04:10:30 [notice] 1#1: worker process 34 exited with code 0
2022/10/31 04:10:30 [notice] 1#1: signal 29 (SIGIO) received
2022/10/31 04:10:30 [notice] 1#1: signal 17 (SIGCHLD) received from 29
2022/10/31 04:10:30 [notice] 1#1: worker process 29 exited with code 0
2022/10/31 04:10:30 [notice] 1#1: signal 29 (SIGIO) received
2022/10/31 04:10:30 [notice] 1#1: signal 17 (SIGCHLD) received from 32
2022/10/31 04:10:30 [notice] 1#1: worker process 32 exited with code 0
2022/10/31 04:10:30 [notice] 1#1: exit
2022/10/31 04:10:31 [notice] 1#1: using the "epoll" event method
2022/10/31 04:10:31 [notice] 1#1: nginx/1.23.2
2022/10/31 04:10:31 [notice] 1#1: built by gcc 10.2.1 20210110 (Debian 10.2.1-6) 
2022/10/31 04:10:31 [notice] 1#1: OS: Linux 5.11.0-49-generic
2022/10/31 04:10:31 [notice] 1#1: getrlimit(RLIMIT_NOFILE): 1048576:1048576
2022/10/31 04:10:31 [notice] 1#1: start worker processes
2022/10/31 04:10:31 [notice] 1#1: start worker process 28
2022/10/31 04:10:31 [notice] 1#1: start worker process 29
2022/10/31 04:10:31 [notice] 1#1: start worker process 30
2022/10/31 04:10:31 [notice] 1#1: start worker process 31
2022/10/31 04:10:31 [notice] 1#1: start worker process 32
2022/10/31 04:10:31 [notice] 1#1: start worker process 33
2022/10/31 04:10:31 [notice] 1#1: start worker process 34
2022/10/31 04:10:31 [notice] 1#1: start worker process 35
2022/10/31 13:18:00 [notice] 1#1: signal 3 (SIGQUIT) received, shutting down
2022/10/31 13:18:00 [notice] 28#28: gracefully shutting down
2022/10/31 13:18:00 [notice] 29#29: gracefully shutting down
2022/10/31 13:18:00 [notice] 33#33: gracefully shutting down
2022/10/31 13:18:00 [notice] 28#28: exiting
2022/10/31 13:18:00 [notice] 29#29: exiting
2022/10/31 13:18:00 [notice] 33#33: exiting
2022/10/31 13:18:00 [notice] 31#31: gracefully shutting down
2022/10/31 13:18:00 [notice] 30#30: gracefully shutting down
2022/10/31 13:18:00 [notice] 31#31: exiting
2022/10/31 13:18:00 [notice] 30#30: exiting
2022/10/31 13:18:00 [notice] 35#35: gracefully shutting down
2022/10/31 13:18:00 [notice] 35#35: exiting
2022/10/31 13:18:00 [notice] 33#33: exit
2022/10/31 13:18:00 [notice] 30#30: exit
2022/10/31 13:18:00 [notice] 29#29: exit
2022/10/31 13:18:00 [notice] 31#31: exit
2022/10/31 13:18:00 [notice] 32#32: gracefully shutting down
2022/10/31 13:18:00 [notice] 28#28: exit
2022/10/31 13:18:00 [notice] 32#32: exiting
2022/10/31 13:18:00 [notice] 32#32: exit
2022/10/31 13:18:00 [notice] 35#35: exit
2022/10/31 13:18:00 [notice] 34#34: gracefully shutting down
2022/10/31 13:18:00 [notice] 34#34: exiting
2022/10/31 13:18:00 [notice] 34#34: exit
2022/10/31 13:18:00 [notice] 1#1: signal 17 (SIGCHLD) received from 28
2022/10/31 13:18:00 [notice] 1#1: worker process 28 exited with code 0
2022/10/31 13:18:00 [notice] 1#1: signal 29 (SIGIO) received
2022/10/31 13:18:00 [notice] 1#1: signal 17 (SIGCHLD) received from 31
2022/10/31 13:18:00 [notice] 1#1: worker process 30 exited with code 0
2022/10/31 13:18:00 [notice] 1#1: worker process 31 exited with code 0
2022/10/31 13:18:00 [notice] 1#1: worker process 32 exited with code 0
2022/10/31 13:18:00 [notice] 1#1: signal 29 (SIGIO) received
2022/10/31 13:18:00 [notice] 1#1: signal 17 (SIGCHLD) received from 30
2022/10/31 13:18:00 [notice] 1#1: signal 17 (SIGCHLD) received from 34
2022/10/31 13:18:00 [notice] 1#1: worker process 34 exited with code 0
2022/10/31 13:18:00 [notice] 1#1: signal 29 (SIGIO) received
2022/10/31 13:18:00 [notice] 1#1: signal 17 (SIGCHLD) received from 29
2022/10/31 13:18:00 [notice] 1#1: worker process 29 exited with code 0
2022/10/31 13:18:00 [notice] 1#1: signal 29 (SIGIO) received
2022/10/31 13:18:00 [notice] 1#1: signal 17 (SIGCHLD) received from 35
2022/10/31 13:18:00 [notice] 1#1: worker process 35 exited with code 0
2022/10/31 13:18:00 [notice] 1#1: signal 29 (SIGIO) received
2022/10/31 13:18:00 [notice] 1#1: signal 17 (SIGCHLD) received from 33
2022/10/31 13:18:00 [notice] 1#1: worker process 33 exited with code 0
2022/10/31 13:18:00 [notice] 1#1: exit
2022/10/31 13:22:39 [notice] 1#1: using the "epoll" event method
2022/10/31 13:22:39 [notice] 1#1: nginx/1.23.2
2022/10/31 13:22:39 [notice] 1#1: built by gcc 10.2.1 20210110 (Debian 10.2.1-6) 
2022/10/31 13:22:39 [notice] 1#1: OS: Linux 5.11.0-49-generic
2022/10/31 13:22:39 [notice] 1#1: getrlimit(RLIMIT_NOFILE): 1048576:1048576
2022/10/31 13:22:39 [notice] 1#1: start worker processes
2022/10/31 13:22:39 [notice] 1#1: start worker process 29
2022/10/31 13:22:39 [notice] 1#1: start worker process 30
2022/10/31 13:22:39 [notice] 1#1: start worker process 31
2022/10/31 13:22:39 [notice] 1#1: start worker process 32
2022/10/31 13:22:39 [notice] 1#1: start worker process 33
2022/10/31 13:22:39 [notice] 1#1: start worker process 34
2022/10/31 13:22:39 [notice] 1#1: start worker process 35
2022/10/31 13:22:39 [notice] 1#1: start worker process 36
2022/10/31 23:56:23 [notice] 1#1: signal 3 (SIGQUIT) received, shutting down
2022/10/31 23:56:23 [notice] 30#30: gracefully shutting down
2022/10/31 23:56:23 [notice] 35#35: gracefully shutting down
2022/10/31 23:56:23 [notice] 30#30: exiting
2022/10/31 23:56:23 [notice] 35#35: exiting
2022/10/31 23:56:23 [notice] 35#35: exit
2022/10/31 23:56:23 [notice] 30#30: exit
2022/10/31 23:56:23 [notice] 29#29: gracefully shutting down
2022/10/31 23:56:23 [notice] 29#29: exiting
2022/10/31 23:56:23 [notice] 29#29: exit
2022/10/31 23:56:23 [notice] 33#33: gracefully shutting down
2022/10/31 23:56:23 [notice] 33#33: exiting
2022/10/31 23:56:23 [notice] 33#33: exit
2022/10/31 23:56:23 [notice] 31#31: gracefully shutting down
2022/10/31 23:56:23 [notice] 31#31: exiting
2022/10/31 23:56:23 [notice] 31#31: exit
2022/10/31 23:56:23 [notice] 32#32: gracefully shutting down
2022/10/31 23:56:23 [notice] 32#32: exiting
2022/10/31 23:56:23 [notice] 32#32: exit
2022/10/31 23:56:23 [notice] 34#34: gracefully shutting down
2022/10/31 23:56:23 [notice] 34#34: exiting
2022/10/31 23:56:23 [notice] 34#34: exit
2022/10/31 23:56:23 [notice] 36#36: gracefully shutting down
2022/10/31 23:56:23 [notice] 36#36: exiting
2022/10/31 23:56:23 [notice] 36#36: exit
2022/10/31 23:56:23 [notice] 1#1: signal 17 (SIGCHLD) received from 33
2022/10/31 23:56:23 [notice] 1#1: worker process 33 exited with code 0
2022/10/31 23:56:23 [notice] 1#1: signal 29 (SIGIO) received
2022/10/31 23:56:23 [notice] 1#1: signal 17 (SIGCHLD) received from 32
2022/10/31 23:56:23 [notice] 1#1: worker process 32 exited with code 0
2022/10/31 23:56:23 [notice] 1#1: worker process 29 exited with code 0
2022/10/31 23:56:23 [notice] 1#1: worker process 30 exited with code 0
2022/10/31 23:56:23 [notice] 1#1: worker process 31 exited with code 0
2022/10/31 23:56:23 [notice] 1#1: worker process 34 exited with code 0
2022/10/31 23:56:23 [notice] 1#1: worker process 35 exited with code 0
2022/10/31 23:56:23 [notice] 1#1: signal 29 (SIGIO) received
2022/10/31 23:56:23 [notice] 1#1: signal 17 (SIGCHLD) received from 35
2022/10/31 23:56:23 [notice] 1#1: signal 17 (SIGCHLD) received from 36
2022/10/31 23:56:23 [notice] 1#1: worker process 36 exited with code 0
2022/10/31 23:56:23 [notice] 1#1: exit
2022/11/01 15:31:26 [notice] 1#1: using the "epoll" event method
2022/11/01 15:31:26 [notice] 1#1: nginx/1.23.2
2022/11/01 15:31:26 [notice] 1#1: built by gcc 10.2.1 20210110 (Debian 10.2.1-6) 
2022/11/01 15:31:26 [notice] 1#1: OS: Linux 5.11.0-49-generic
2022/11/01 15:31:26 [notice] 1#1: getrlimit(RLIMIT_NOFILE): 1048576:1048576
2022/11/01 15:31:26 [notice] 1#1: start worker processes
2022/11/01 15:31:26 [notice] 1#1: start worker process 29
2022/11/01 15:31:26 [notice] 1#1: start worker process 30
2022/11/01 15:31:26 [notice] 1#1: start worker process 31
2022/11/01 15:31:26 [notice] 1#1: start worker process 32
2022/11/01 15:31:26 [notice] 1#1: start worker process 33
2022/11/01 15:31:26 [notice] 1#1: start worker process 34
2022/11/01 15:31:26 [notice] 1#1: start worker process 35
2022/11/01 15:31:26 [notice] 1#1: start worker process 36
2022/11/01 16:38:54 [notice] 1#1: using the "epoll" event method
2022/11/01 16:38:54 [notice] 1#1: nginx/1.23.2
2022/11/01 16:38:54 [notice] 1#1: built by gcc 10.2.1 20210110 (Debian 10.2.1-6) 
2022/11/01 16:38:54 [notice] 1#1: OS: Linux 5.11.0-49-generic
2022/11/01 16:38:54 [notice] 1#1: getrlimit(RLIMIT_NOFILE): 1048576:1048576
2022/11/01 16:38:54 [notice] 1#1: start worker processes
2022/11/01 16:38:54 [notice] 1#1: start worker process 28
2022/11/01 16:38:54 [notice] 1#1: start worker process 29
2022/11/01 16:38:54 [notice] 1#1: start worker process 30
2022/11/01 16:38:54 [notice] 1#1: start worker process 31
2022/11/01 16:38:54 [notice] 1#1: start worker process 32
2022/11/01 16:38:54 [notice] 1#1: start worker process 33
2022/11/01 16:38:54 [notice] 1#1: start worker process 34
2022/11/01 16:38:54 [notice] 1#1: start worker process 35
2022/11/01 16:40:29 [warn] 28#28: *1 an upstream response is buffered to a temporary file /var/cache/nginx/fastcgi_temp/1/00/0000000001 while reading upstream, client: 172.21.0.1, server: localhost, request: "POST /login HTTP/1.1", upstream: "fastcgi://172.21.0.3:9000", host: "0.0.0.0:8440", referrer: "http://0.0.0.0:8440/login"
2022/11/01 17:12:07 [notice] 1#1: signal 3 (SIGQUIT) received, shutting down
2022/11/01 17:12:07 [notice] 28#28: gracefully shutting down
2022/11/01 17:12:07 [notice] 29#29: gracefully shutting down
2022/11/01 17:12:07 [notice] 31#31: gracefully shutting down
2022/11/01 17:12:07 [notice] 30#30: gracefully shutting down
2022/11/01 17:12:07 [notice] 32#32: gracefully shutting down
2022/11/01 17:12:07 [notice] 30#30: exiting
2022/11/01 17:12:07 [notice] 28#28: exiting
2022/11/01 17:12:07 [notice] 29#29: exiting
2022/11/01 17:12:07 [notice] 31#31: exiting
2022/11/01 17:12:07 [notice] 32#32: exiting
2022/11/01 17:12:07 [notice] 33#33: gracefully shutting down
2022/11/01 17:12:07 [notice] 35#35: gracefully shutting down
2022/11/01 17:12:07 [notice] 34#34: gracefully shutting down
2022/11/01 17:12:07 [notice] 33#33: exiting
2022/11/01 17:12:07 [notice] 35#35: exiting
2022/11/01 17:12:07 [notice] 34#34: exiting
2022/11/01 17:12:07 [notice] 31#31: exit
2022/11/01 17:12:07 [notice] 29#29: exit
2022/11/01 17:12:07 [notice] 32#32: exit
2022/11/01 17:12:07 [notice] 35#35: exit
2022/11/01 17:12:07 [notice] 28#28: exit
2022/11/01 17:12:07 [notice] 30#30: exit
2022/11/01 17:12:07 [notice] 34#34: exit
2022/11/01 17:12:07 [notice] 33#33: exit
2022/11/01 17:12:07 [notice] 1#1: signal 17 (SIGCHLD) received from 30
2022/11/01 17:12:07 [notice] 1#1: worker process 29 exited with code 0
2022/11/01 17:12:07 [notice] 1#1: worker process 30 exited with code 0
2022/11/01 17:12:07 [notice] 1#1: worker process 31 exited with code 0
2022/11/01 17:12:07 [notice] 1#1: worker process 33 exited with code 0
2022/11/01 17:12:07 [notice] 1#1: signal 29 (SIGIO) received
2022/11/01 17:12:07 [notice] 1#1: signal 17 (SIGCHLD) received from 33
2022/11/01 17:12:07 [notice] 1#1: signal 17 (SIGCHLD) received from 35
2022/11/01 17:12:07 [notice] 1#1: worker process 35 exited with code 0
2022/11/01 17:12:07 [notice] 1#1: signal 29 (SIGIO) received
2022/11/01 17:12:07 [notice] 1#1: signal 17 (SIGCHLD) received from 28
2022/11/01 17:12:07 [notice] 1#1: worker process 28 exited with code 0
2022/11/01 17:12:07 [notice] 1#1: signal 29 (SIGIO) received
2022/11/01 17:12:07 [notice] 1#1: signal 17 (SIGCHLD) received from 32
2022/11/01 17:12:07 [notice] 1#1: worker process 32 exited with code 0
2022/11/01 17:12:07 [notice] 1#1: signal 29 (SIGIO) received
2022/11/01 17:12:07 [notice] 1#1: signal 17 (SIGCHLD) received from 34
2022/11/01 17:12:07 [notice] 1#1: worker process 34 exited with code 0
2022/11/01 17:12:07 [notice] 1#1: exit
2022/11/01 17:12:08 [notice] 1#1: using the "epoll" event method
2022/11/01 17:12:08 [notice] 1#1: nginx/1.23.2
2022/11/01 17:12:08 [notice] 1#1: built by gcc 10.2.1 20210110 (Debian 10.2.1-6) 
2022/11/01 17:12:08 [notice] 1#1: OS: Linux 5.11.0-49-generic
2022/11/01 17:12:08 [notice] 1#1: getrlimit(RLIMIT_NOFILE): 1048576:1048576
2022/11/01 17:12:08 [notice] 1#1: start worker processes
2022/11/01 17:12:08 [notice] 1#1: start worker process 28
2022/11/01 17:12:08 [notice] 1#1: start worker process 29
2022/11/01 17:12:08 [notice] 1#1: start worker process 30
2022/11/01 17:12:08 [notice] 1#1: start worker process 31
2022/11/01 17:12:08 [notice] 1#1: start worker process 32
2022/11/01 17:12:08 [notice] 1#1: start worker process 33
2022/11/01 17:12:08 [notice] 1#1: start worker process 34
2022/11/01 17:12:08 [notice] 1#1: start worker process 35
